<?xml version="1.0" encoding="UTF-8" ?>
<testsuite tests="0" failures="0" name="Webtests.RunCucumberTest" time="0" errors="0" skipped="0">
    <properties>
        <property name="java.runtime.name" value="Java(TM) SE Runtime Environment"/>
        <property name="sun.boot.library.path" value="C:\Program Files (x86)\Java\jdk1.8.0_191\jre\bin"/>
        <property name="java.vm.version" value="25.191-b12"/>
        <property name="user.country.format" value="DE"/>
        <property name="java.vm.vendor" value="Oracle Corporation"/>
        <property name="maven.multiModuleProjectDirectory" value="C:\Users\d070473\Git\eventlab\tests\Webtests"/>
        <property name="java.vendor.url" value="http://java.oracle.com/"/>
        <property name="path.separator" value=";"/>
        <property name="guice.disable.misplaced.annotation.check" value="true"/>
        <property name="java.vm.name" value="Java HotSpot(TM) Client VM"/>
        <property name="file.encoding.pkg" value="sun.io"/>
        <property name="user.script" value=""/>
        <property name="user.country" value="US"/>
        <property name="sun.java.launcher" value="SUN_STANDARD"/>
        <property name="sun.os.patch.level" value=""/>
        <property name="java.vm.specification.name" value="Java Virtual Machine Specification"/>
        <property name="user.dir" value="C:\Users\d070473\Git\eventlab\tests\Webtests"/>
        <property name="java.runtime.version" value="1.8.0_191-b12"/>
        <property name="java.awt.graphicsenv" value="sun.awt.Win32GraphicsEnvironment"/>
        <property name="java.endorsed.dirs" value="C:\Program Files (x86)\Java\jdk1.8.0_191\jre\lib\endorsed"/>
        <property name="os.arch" value="x86"/>
        <property name="java.io.tmpdir" value="C:\Users\d070473\AppData\Local\Temp\"/>
        <property name="line.separator" value="
"/>
        <property name="java.vm.specification.vendor" value="Oracle Corporation"/>
        <property name="user.variant" value=""/>
        <property name="os.name" value="Windows 10"/>
        <property name="classworlds.conf" value="C:\Program Files\Apache\maven\bin\..\bin\m2.conf"/>
        <property name="sun.jnu.encoding" value="Cp1252"/>
        <property name="java.library.path"
                  value="C:\Program Files (x86)\Java\jdk1.8.0_191\bin;C:\WINDOWS\Sun\Java\bin;C:\WINDOWS\system32;C:\WINDOWS;c:\windows\system32;c:\windows;c:\windows\system32\wbem;c:\program files (x86)\common files\oracle\java\javapath;c:\windows\system32\windowspowershell\v1.0\;c:\program files\git\cmd;c:\program files\microsoft vs code\bin;c:\texlive\2018\bin\win32;c:\users\d070473\downloads\sap-cp-sdk-for-android-1.1.100\tools\ilodata\bin;c:\users\d070473\downloads\sap-cp-sdk-for-android-1.1.100\tools\proxygenerator\bin;C:\WINDOWS\system32;C:\WINDOWS;C:\WINDOWS\System32\Wbem;C:\WINDOWS\System32\WindowsPowerShell\v1.0\;C:\WINDOWS\System32\OpenSSH\;C:\Program Files\Apache\maven\bin;C:\Program Files (x86)\Java\jdk1.8.0_191\bin;C:\Program Files\php;C:\Program Files\composer;C:\Users\d070473\AppData\Local\Microsoft\WindowsApps;C:\Users\d070473\AppData\Roaming\Composer\vendor\bin;."/>
        <property name="maven.conf" value="C:\Program Files\Apache\maven\bin\../conf"/>
        <property name="java.specification.name" value="Java Platform API Specification"/>
        <property name="java.class.version" value="52.0"/>
        <property name="sun.management.compiler" value="HotSpot Client Compiler"/>
        <property name="os.version" value="10.0"/>
        <property name="library.jansi.path" value="C:\Program Files\Apache\maven\bin\..\lib\jansi-native"/>
        <property name="user.home" value="C:\Users\d070473"/>
        <property name="user.timezone" value="Europe/Berlin"/>
        <property name="java.awt.printerjob" value="sun.awt.windows.WPrinterJob"/>
        <property name="java.specification.version" value="1.8"/>
        <property name="file.encoding" value="Cp1252"/>
        <property name="user.name" value="D070473"/>
        <property name="java.class.path"
                  value="C:\Program Files\Apache\maven\bin\..\boot\plexus-classworlds-2.5.2.jar"/>
        <property name="java.vm.specification.version" value="1.8"/>
        <property name="sun.arch.data.model" value="32"/>
        <property name="java.home" value="C:\Program Files (x86)\Java\jdk1.8.0_191\jre"/>
        <property name="sun.java.command" value="org.codehaus.plexus.classworlds.launcher.Launcher clean install"/>
        <property name="java.specification.vendor" value="Oracle Corporation"/>
        <property name="user.language" value="en"/>
        <property name="user.language.format" value="de"/>
        <property name="awt.toolkit" value="sun.awt.windows.WToolkit"/>
        <property name="java.vm.info" value="mixed mode"/>
        <property name="java.version" value="1.8.0_191"/>
        <property name="java.ext.dirs"
                  value="C:\Program Files (x86)\Java\jdk1.8.0_191\jre\lib\ext;C:\WINDOWS\Sun\Java\lib\ext"/>
        <property name="sun.boot.class.path"
                  value="C:\Program Files (x86)\Java\jdk1.8.0_191\jre\lib\resources.jar;C:\Program Files (x86)\Java\jdk1.8.0_191\jre\lib\rt.jar;C:\Program Files (x86)\Java\jdk1.8.0_191\jre\lib\sunrsasign.jar;C:\Program Files (x86)\Java\jdk1.8.0_191\jre\lib\jsse.jar;C:\Program Files (x86)\Java\jdk1.8.0_191\jre\lib\jce.jar;C:\Program Files (x86)\Java\jdk1.8.0_191\jre\lib\charsets.jar;C:\Program Files (x86)\Java\jdk1.8.0_191\jre\lib\jfr.jar;C:\Program Files (x86)\Java\jdk1.8.0_191\jre\classes"/>
        <property name="sun.stderr.encoding" value="cp850"/>
        <property name="java.vendor" value="Oracle Corporation"/>
        <property name="maven.home" value="C:\Program Files\Apache\maven\bin\.."/>
        <property name="file.separator" value="\"/>
        <property name="java.vendor.url.bug" value="http://bugreport.sun.com/bugreport/"/>
        <property name="sun.cpu.endian" value="little"/>
        <property name="sun.io.unicode.encoding" value="UnicodeLittle"/>
        <property name="sun.stdout.encoding" value="cp850"/>
        <property name="sun.desktop" value="windows"/>
        <property name="sun.cpu.isalist" value="pentium_pro+mmx pentium_pro pentium+mmx pentium i486 i386 i86"/>
    </properties>
</testsuite>
